Determining if the pthread_create exist failed with the following output:
Change Dir: /home/chesetti/projects/breakout/build/CMakeFiles/CMakeTmp

Run Build Command:"/usr/bin/ninja" "cmTC_d9192"
[1/2] Building C object CMakeFiles/cmTC_d9192.dir/CheckSymbolExists.c.o
[2/2] Linking C executable cmTC_d9192
FAILED: cmTC_d9192 
: && /usr/bin/cc   -rdynamic CMakeFiles/cmTC_d9192.dir/CheckSymbolExists.c.o  -o cmTC_d9192   && :
CMakeFiles/cmTC_d9192.dir/CheckSymbolExists.c.o: In function `main':
CheckSymbolExists.c:(.text+0x1b): undefined reference to `pthread_create'
collect2: error: ld returned 1 exit status
ninja: build stopped: subcommand failed.

File /home/chesetti/projects/breakout/build/CMakeFiles/CMakeTmp/CheckSymbolExists.c:
/* */
#include <pthread.h>

int main(int argc, char** argv)
{
  (void)argv;
#ifndef pthread_create
  return ((int*)(&pthread_create))[argc];
#else
  (void)argc;
  return 0;
#endif
}

Determining if the function pthread_create exists in the pthreads failed with the following output:
Change Dir: /home/chesetti/projects/breakout/build/CMakeFiles/CMakeTmp

Run Build Command:"/usr/bin/ninja" "cmTC_9c1f6"
[1/2] Building C object CMakeFiles/cmTC_9c1f6.dir/CheckFunctionExists.c.o
[2/2] Linking C executable cmTC_9c1f6
FAILED: cmTC_9c1f6 
: && /usr/bin/cc -DCHECK_FUNCTION_EXISTS=pthread_create  -rdynamic CMakeFiles/cmTC_9c1f6.dir/CheckFunctionExists.c.o  -o cmTC_9c1f6  -lpthreads && :
/usr/bin/ld: cannot find -lpthreads
collect2: error: ld returned 1 exit status
ninja: build stopped: subcommand failed.


